<?xml version="1.0" encoding="UTF-8"?>
<!-- Generated by org.testng.reporters.JUnitXMLReporter -->
<testsuite hostname="mohammads-MBP.home" ignored="0" name="Default test" tests="10" failures="0" timestamp="2020-04-16T17:51:30 EDT" time="0.059" errors="0">
  <testcase name="sum" time="0.009" classname="com.Test.InvocationCountTest"/>
  <testcase name="sum" time="0.001" classname="com.Test.InvocationCountTest"/>
  <testcase name="sum" time="0.001" classname="com.Test.InvocationCountTest"/>
  <testcase name="sum" time="0.0" classname="com.Test.InvocationCountTest"/>
  <testcase name="sum" time="0.001" classname="com.Test.InvocationCountTest"/>
  <testcase name="sum" time="0.001" classname="com.Test.InvocationCountTest"/>
  <testcase name="sum" time="0.001" classname="com.Test.InvocationCountTest"/>
  <testcase name="sum" time="0.001" classname="com.Test.InvocationCountTest"/>
  <testcase name="sum" time="0.001" classname="com.Test.InvocationCountTest"/>
  <testcase name="sum" time="0.001" classname="com.Test.InvocationCountTest"/>
</testsuite> <!-- Default test -->
