<?xml version="1.0" encoding="UTF-8"?>
<testng-results skipped="0" failed="0" ignored="0" total="10" passed="10">
  <reporter-output>
  </reporter-output>
  <suite name="Default suite" duration-ms="59" started-at="2020-04-16T17:51:30 EDT" finished-at="2020-04-16T17:51:30 EDT">
    <groups>
    </groups>
    <test name="Default test" duration-ms="59" started-at="2020-04-16T17:51:30 EDT" finished-at="2020-04-16T17:51:30 EDT">
      <class name="com.Test.InvocationCountTest">
        <test-method status="PASS" signature="sum()[pri:0, instance:com.Test.InvocationCountTest@dbd940d]" name="sum" duration-ms="9" started-at="2020-04-16T17:51:30 EDT" finished-at="2020-04-16T17:51:30 EDT">
          <reporter-output>
          </reporter-output>
        </test-method> <!-- sum -->
        <test-method status="PASS" signature="sum()[pri:0, instance:com.Test.InvocationCountTest@dbd940d]" name="sum" duration-ms="1" started-at="2020-04-16T17:51:30 EDT" finished-at="2020-04-16T17:51:30 EDT">
          <reporter-output>
          </reporter-output>
        </test-method> <!-- sum -->
        <test-method status="PASS" signature="sum()[pri:0, instance:com.Test.InvocationCountTest@dbd940d]" name="sum" duration-ms="1" started-at="2020-04-16T17:51:30 EDT" finished-at="2020-04-16T17:51:30 EDT">
          <reporter-output>
          </reporter-output>
        </test-method> <!-- sum -->
        <test-method status="PASS" signature="sum()[pri:0, instance:com.Test.InvocationCountTest@dbd940d]" name="sum" duration-ms="0" started-at="2020-04-16T17:51:30 EDT" finished-at="2020-04-16T17:51:30 EDT">
          <reporter-output>
          </reporter-output>
        </test-method> <!-- sum -->
        <test-method status="PASS" signature="sum()[pri:0, instance:com.Test.InvocationCountTest@dbd940d]" name="sum" duration-ms="1" started-at="2020-04-16T17:51:30 EDT" finished-at="2020-04-16T17:51:30 EDT">
          <reporter-output>
          </reporter-output>
        </test-method> <!-- sum -->
        <test-method status="PASS" signature="sum()[pri:0, instance:com.Test.InvocationCountTest@dbd940d]" name="sum" duration-ms="1" started-at="2020-04-16T17:51:30 EDT" finished-at="2020-04-16T17:51:30 EDT">
          <reporter-output>
          </reporter-output>
        </test-method> <!-- sum -->
        <test-method status="PASS" signature="sum()[pri:0, instance:com.Test.InvocationCountTest@dbd940d]" name="sum" duration-ms="1" started-at="2020-04-16T17:51:30 EDT" finished-at="2020-04-16T17:51:30 EDT">
          <reporter-output>
          </reporter-output>
        </test-method> <!-- sum -->
        <test-method status="PASS" signature="sum()[pri:0, instance:com.Test.InvocationCountTest@dbd940d]" name="sum" duration-ms="1" started-at="2020-04-16T17:51:30 EDT" finished-at="2020-04-16T17:51:30 EDT">
          <reporter-output>
          </reporter-output>
        </test-method> <!-- sum -->
        <test-method status="PASS" signature="sum()[pri:0, instance:com.Test.InvocationCountTest@dbd940d]" name="sum" duration-ms="1" started-at="2020-04-16T17:51:30 EDT" finished-at="2020-04-16T17:51:30 EDT">
          <reporter-output>
          </reporter-output>
        </test-method> <!-- sum -->
        <test-method status="PASS" signature="sum()[pri:0, instance:com.Test.InvocationCountTest@dbd940d]" name="sum" duration-ms="1" started-at="2020-04-16T17:51:30 EDT" finished-at="2020-04-16T17:51:30 EDT">
          <reporter-output>
          </reporter-output>
        </test-method> <!-- sum -->
      </class> <!-- com.Test.InvocationCountTest -->
    </test> <!-- Default test -->
  </suite> <!-- Default suite -->
</testng-results>
